<?xml version="1.0" encoding="UTF-8"?>
<testsuite name="Project 1.Test Suite 1" tests="1" failures="1" errors="0" time="0.579"><properties><property name="java.specification.version" value="17"/><property name="Log4jContextSelector" value="org.apache.logging.log4j.core.selector.BasicContextSelector"/><property name="sun.jnu.encoding" value="UTF-8"/><property name="java.class.path" value="/Applications/ReadyAPI-3.41.1.app/Contents/Resources/app/bin/ready-api-ui-3.41.1.jar:/Applications/ReadyAPI-3.41.1.app/Contents/Resources/app/lib/jetty-util-ajax-9.4.40.v20210413.jar:/Applications/ReadyAPI-3.41.1.app/Contents/Resources/app/lib/org.eclipse.xtext.xbase.lib-2.8.3.jar:/Applications/ReadyAPI-3.41.1.app/Contents/Resources/app/lib/spring-context-5.3.18.jar:/Applications/ReadyAPI-3.41.1.app/Contents/Resources/app/lib/jakarta.mail-api-1.6.7.jar:/Applications/ReadyAPI-3.41.1.app/Contents/Resources/app/lib/swagger-parser-2.0.24.jar:/Applications/ReadyAPI-3.41.1.app/Contents/Resources/app/lib/websocket-api-9.4.12.v20180830.jar:/Applications/ReadyAPI-3.41.1.app/Contents/Resources/app/lib/loadui-cmd-base-3.41.1.jar:/Applications/ReadyAPI-3.41.1.app/Contents/Resources/app/lib/google-http-client-1.41.2.jar:/Applications/ReadyAPI-3.41.1.app/Contents/Resources/app/lib/kafka-protobuf-provider-6.1.0.jar:/Applications/ReadyAPI-3.41.1.app/Contents/Resources/app/lib/xercesImpl-2.12.0.jar:/Applications/ReadyAPI-3.41.1.app/Contents/Resources/app/lib/groovy-servlet-3.0.10.jar:/Applications/ReadyAPI-3.41.1.app/Contents/Resources/app/lib/loadui-soapui-runner-3.41.1.jar:/Applications/ReadyAPI-3.41.1.app/Contents/Resources/app/lib/xmlbeans-3.1.2-sb-fixed.jar:/Applications/ReadyAPI-3.41.1.app/Contents/Resources/app/lib/annotations-4.1.1.4.jar:/Applications/ReadyAPI-3.41.1.app/Contents/Resources/app/lib/javafx-controls-17.0.2.jar:/Applications/ReadyAPI-3.41.1.app/Contents/Resources/app/lib/jakarta.xml.bind-api-2.3.2.jar:/Applications/ReadyAPI-3.41.1.app/Contents/Resources/app/lib/commons-logging-1.2.jar:/Applications/ReadyAPI-3.41.1.app/Contents/Resources/app/lib/msg-simple-1.2.jar:/Applications/ReadyAPI-3.41.1.app/Contents/Resources/app/lib/batik-xml-1.14.jar:/Applications/ReadyAPI-3.41.1.app/Contents/Resources/app/lib/grpc-context-1.41.0.jar:/Applications/ReadyAPI-3.41.1.app/Contents/Resources/app/lib/javafx-graphics-17.0.2.jar:/Applications/ReadyAPI-3.41.1.app/Contents/Resources/app/lib/poi-ooxml-schemas-4.1.2.jar:/Applications/ReadyAPI-3.41.1.app/Contents/Resources/app/lib/jquery-3.5.1.jar:/Applications/ReadyAPI-3.41.1.app/Contents/Resources/app/lib/jackson-coreutils-2.0.jar:/Applications/ReadyAPI-3.41.1.app/Contents/Resources/app/lib/itext-2.1.7.jar:/Applications/ReadyAPI-3.41.1.app/Contents/Resources/app/lib/groovy-json-3.0.10.jar:/Applications/ReadyAPI-3.41.1.app/Contents/Resources/app/lib/loadui-pro-agent-base-3.41.1.jar:/Applications/ReadyAPI-3.41.1.app/Contents/Resources/app/lib/kotlin-stdlib-1.4.0.jar:/Applications/ReadyAPI-3.41.1.app/Contents/Resources/app/lib/google-oauth-client-1.33.1.jar:/Applications/ReadyAPI-3.41.1.app/Contents/Resources/app/lib/jopt-simple-5.0.4.jar:/Applications/ReadyAPI-3.41.1.app/Contents/Resources/app/lib/opencensus-api-0.30.0.jar:/Applications/ReadyAPI-3.41.1.app/Contents/Resources/app/lib/swagger-parser-v2-converter-2.0.24.jar:/Applications/ReadyAPI-3.41.1.app/Contents/Resources/app/lib/jackson-module-scala_2.11-2.10.0.jar:/Applications/ReadyAPI-3.41.1.app/Contents/Resources/app/lib/ecj-3.21.0.jar:/Applications/ReadyAPI-3.41.1.app/Contents/Resources/app/lib/nekohtml-1.9.22.jar:/Applications/ReadyAPI-3.41.1.app/Contents/Resources/app/lib/snappy-java-1.1.8.4.jar:/Applications/ReadyAPI-3.41.1.app/Contents/Resources/app/lib/libphonenumber-8.11.1.jar:/Applications/ReadyAPI-3.41.1.app/Contents/Resources/app/lib/xmltooling-1.3.2-1.jar:/Applications/ReadyAPI-3.41.1.app/Contents/Resources/app/lib/jackson-dataformat-csv-2.10.0.jar:/Applications/ReadyAPI-3.41.1.app/Contents/Resources/app/lib/flex-messaging-common-1.0.jar:/Applications/ReadyAPI-3.41.1.app/Contents/Resources/app/lib/groovy-all-3.0.10.jar:/Applications/ReadyAPI-3.41.1.app/Contents/Resources/app/lib/htmlunit-2.33-sb-fixed.jar:/Applications/ReadyAPI-3.41.1.app/Contents/Resources/app/lib/aopalliance-1.0.jar:/Applications/ReadyAPI-3.41.1.app/Contents/Resources/app/lib/htmlunit-cssparser-1.2.0.jar:/Applications/ReadyAPI-3.41.1.app/Contents/Resources/app/lib/xmlsec-1.5.8.jar:/Applications/ReadyAPI-3.41.1.app/Contents/Resources/app/lib/javafx-media-17.0.2-mac.jar:/Applications/ReadyAPI-3.41.1.app/Contents/Resources/app/lib/ini4j-0.5.4.jar:/Applications/ReadyAPI-3.41.1.app/Contents/Resources/app/lib/jacob-1.14.3.jar:/Applications/ReadyAPI-3.41.1.app/Contents/Resources/app/lib/javafx-base-17.0.2-mac.jar:/Applications/ReadyAPI-3.41.1.app/Contents/Resources/app/lib/grpc-api-1.41.0.jar:/Applications/ReadyAPI-3.41.1.app/Contents/Resources/app/lib/binding-2.0.1.jar:/Applications/ReadyAPI-3.41.1.app/Contents/Resources/app/lib/netty-buffer-4.1.52.Final.jar:/Applications/ReadyAPI-3.41.1.app/Contents/Resources/app/lib/deltahex-swing-0.1.2.jar:/Applications/ReadyAPI-3.41.1.app/Contents/Resources/app/lib/axis-ant-1.4.jar:/Applications/ReadyAPI-3.41.1.app/Contents/Resources/app/lib/swagger-parser-v3-2.0.24.jar:/Applications/ReadyAPI-3.41.1.app/Contents/Resources/app/lib/loadui-api-3.41.1.jar:/Applications/ReadyAPI-3.41.1.app/Contents/Resources/app/lib/wss4j-1.6.18.jar:/Applications/ReadyAPI-3.41.1.app/Contents/Resources/app/lib/javafx-controls-17.0.2-mac.jar:/Applications/ReadyAPI-3.41.1.app/Contents/Resources/app/lib/bcmail-jdk15on-1.64.jar:/Applications/ReadyAPI-3.41.1.app/Contents/Resources/app/lib/batik-shared-resources-1.14.jar:/Applications/ReadyAPI-3.41.1.app/Contents/Resources/app/lib/opensaml-2.5.1-1.jar:/Applications/ReadyAPI-3.41.1.app/Contents/Resources/app/lib/commons-discovery-0.2.jar:/Applications/ReadyAPI-3.41.1.app/Contents/Resources/app/lib/commons-httpclient-3.1.jar:/Applications/ReadyAPI-3.41.1.app/Contents/Resources/app/lib/javax.annotation-api-1.3.2.jar:/Applications/ReadyAPI-3.41.1.app/Contents/Resources/app/lib/jakarta.activation-2.0.0.jar:/Applications/ReadyAPI-3.41.1.app/Contents/Resources/app/lib/groovy-docgenerator-3.0.10.jar:/Applications/ReadyAPI-3.41.1.app/Contents/Resources/app/lib/javaparser-core-3.24.0.jar:/Applications/ReadyAPI-3.41.1.app/Contents/Resources/app/lib/junit-jupiter-engine-5.8.2.jar:/Applications/ReadyAPI-3.41.1.app/Contents/Resources/app/lib/log4j-api-2.17.1.jar:/Applications/ReadyAPI-3.41.1.app/Contents/Resources/app/lib/jcommander-1.78.jar:/Applications/ReadyAPI-3.41.1.app/Contents/Resources/app/lib/delight-rhino-sandbox-0.0.6.jar:/Applications/ReadyAPI-3.41.1.app/Contents/Resources/app/lib/reflections-0.9.9.jar:/Applications/ReadyAPI-3.41.1.app/Contents/Resources/app/lib/batik-gvt-1.14.jar:/Applications/ReadyAPI-3.41.1.app/Contents/Resources/app/lib/neko-htmlunit-2.33.jar:/Applications/ReadyAPI-3.41.1.app/Contents/Resources/app/lib/spring-core-5.3.18.jar:/Applications/ReadyAPI-3.41.1.app/Contents/Resources/app/lib/grpc-netty-1.41.0.jar:/Applications/ReadyAPI-3.41.1.app/Contents/Resources/app/lib/xstream-1.4.16.jar:/Applications/ReadyAPI-3.41.1.app/Contents/Resources/app/lib/poi-ooxml-4.1.2.jar:/Applications/ReadyAPI-3.41.1.app/Contents/Resources/app/lib/jdtcore-3.2.0.v_658.jar:/Applications/ReadyAPI-3.41.1.app/Contents/Resources/app/lib/kafka-schema-registry-client-6.1.0.jar:/Applications/ReadyAPI-3.41.1.app/Contents/Resources/app/lib/org.eclipse.xtend.lib-2.8.3.jar:/Applications/ReadyAPI-3.41.1.app/Contents/Resources/app/lib/jackson-coreutils-equivalence-1.0.jar:/Applications/ReadyAPI-3.41.1.app/Contents/Resources/app/lib/antlr4-runtime-4.7.2.jar:/Applications/ReadyAPI-3.41.1.app/Contents/Resources/app/lib/junit-4.12.jar:/Applications/ReadyAPI-3.41.1.app/Contents/Resources/app/lib/slf4j-api-1.7.30.jar:/Applications/ReadyAPI-3.41.1.app/Contents/Resources/app/lib/groovy-test-junit5-3.0.10.jar:/Applications/ReadyAPI-3.41.1.app/Contents/Resources/app/lib/commons-csv-1.1.jar:/Applications/ReadyAPI-3.41.1.app/Contents/Resources/app/lib/batik-css-1.14.jar:/Applications/ReadyAPI-3.41.1.app/Contents/Resources/app/lib/htmlunit-core-js-2.33.jar:/Applications/ReadyAPI-3.41.1.app/Contents/Resources/app/lib/deltahex-operation-swing-0.1.2.jar:/Applications/ReadyAPI-3.41.1.app/Contents/Resources/app/lib/javafx-base-17.0.2.jar:/Applications/ReadyAPI-3.41.1.app/Contents/Resources/app/lib/scala-library-2.11.12.jar:/Applications/ReadyAPI-3.41.1.app/Contents/Resources/app/lib/javafx-web-17.0.2-mac.jar:/Applications/ReadyAPI-3.41.1.app/Contents/Resources/app/lib/ready-api-dashboard-tiles-3.41.1.jar:/Applications/ReadyAPI-3.41.1.app/Contents/Resources/app/lib/wire-runtime-3.2.2.jar:/Applications/ReadyAPI-3.41.1.app/Contents/Resources/app/lib/reports-1.0.jar:/Applications/ReadyAPI-3.41.1.app/Contents/Resources/app/lib/axis-1.4.jar:/Applications/ReadyAPI-3.41.1.app/Contents/Resources/app/lib/grpc-stub-1.41.0.jar:/Applications/ReadyAPI-3.41.1.app/Contents/Resources/app/lib/serializer-2.7.2.jar:/Applications/ReadyAPI-3.41.1.app/Contents/Resources/app/lib/flying-saucer-pdf-9.0.7.jar:/Applications/ReadyAPI-3.41.1.app/Contents/Resources/app/lib/wire-schema-3.2.2.jar:/Applications/ReadyAPI-3.41.1.app/Contents/Resources/app/lib/languagesupport-2.6.0-fixed.jar:/Applications/ReadyAPI-3.41.1.app/Contents/Resources/app/lib/javafx-web-17.0.2.jar:/Applications/ReadyAPI-3.41.1.app/Contents/Resources/app/lib/websocket-common-9.4.12.v20180830.jar:/Applications/ReadyAPI-3.41.1.app/Contents/Resources/app/lib/woodstox-core-6.2.0.jar:/Applications/ReadyAPI-3.41.1.app/Contents/Resources/app/lib/pcap4j-core-1.7.2.jar:/Applications/ReadyAPI-3.41.1.app/Contents/Resources/app/lib/groovy-console-3.0.10.jar:/Applications/ReadyAPI-3.41.1.app/Contents/Resources/app/lib/flying-saucer-core-9.0.7.jar:/Applications/ReadyAPI-3.41.1.app/Contents/Resources/app/lib/Protection-5.4.2.jar:/Applications/ReadyAPI-3.41.1.app/Contents/Resources/app/lib/l2fprod-common-fontchooser-7.3.jar:/Applications/ReadyAPI-3.41.1.app/Contents/Resources/app/lib/forms-1.0.7.jar:/Applications/ReadyAPI-3.41.1.app/Contents/Resources/app/lib/spring-aop-5.3.18.jar:/Applications/ReadyAPI-3.41.1.app/Contents/Resources/app/lib/opencsv-2.3.jar:/Applications/ReadyAPI-3.41.1.app/Contents/Resources/app/lib/batik-awt-util-1.14.jar:/Applications/ReadyAPI-3.41.1.app/Contents/Resources/app/lib/protoc-3.15.8.jar:/Applications/ReadyAPI-3.41.1.app/Contents/Resources/app/lib/org.eclipse.egit.github.core-2.1.5.jar:/Applications/ReadyAPI-3.41.1.app/Contents/Resources/app/lib/jersey-media-json-jackson-2.30.1.jar:/Applications/ReadyAPI-3.41.1.app/Contents/Resources/app/lib/jetty-io-9.4.40.v20210413.jar:/Applications/ReadyAPI-3.41.1.app/Contents/Resources/app/lib/looks-2.2.0.jar:/Applications/ReadyAPI-3.41.1.app/Contents/Resources/app/lib/out-app-analytics-provider-2.6.6.jar:/Applications/ReadyAPI-3.41.1.app/Contents/Resources/app/lib/liquibase-slf4j-4.0.0.jar:/Applications/ReadyAPI-3.41.1.app/Contents/Resources/app/lib/jakarta.mail-2.0.0.jar:/Applications/ReadyAPI-3.41.1.app/Contents/Resources/app/lib/javax.servlet-api-3.1.0.jar:/Applications/ReadyAPI-3.41.1.app/Contents/Resources/app/lib/jmespath-java-1.11.136.jar:/Applications/ReadyAPI-3.41.1.app/Contents/Resources/app/lib/loadui-pro-base-3.41.1.jar:/Applications/ReadyAPI-3.41.1.app/Contents/Resources/app/lib/commons-fileupload-1.4.jar:/Applications/ReadyAPI-3.41.1.app/Contents/Resources/app/lib/zstd-jni-1.4.4-7.jar:/Applications/ReadyAPI-3.41.1.app/Contents/Resources/app/lib/batik-svg-dom-1.14.jar:/Applications/ReadyAPI-3.41.1.app/Contents/Resources/app/lib/jersey-hk2-2.29.1.jar:/Applications/ReadyAPI-3.41.1.app/Contents/Resources/app/lib/guice-5.1.0.jar:/Applications/ReadyAPI-3.41.1.app/Contents/Resources/app/lib/commons-math-1.2.jar:/Applications/ReadyAPI-3.41.1.app/Contents/Resources/app/lib/guice-assistedinject-5.1.0.jar:/Applications/ReadyAPI-3.41.1.app/Contents/Resources/app/lib/jxbrowser-swing-7.21.2.jar:/Applications/ReadyAPI-3.41.1.app/Contents/Resources/app/lib/ready-api-soapui-3.41.1.jar:/Applications/ReadyAPI-3.41.1.app/Contents/Resources/app/lib/log4j-1.2-api-2.17.1.jar:/Applications/ReadyAPI-3.41.1.app/Contents/Resources/app/lib/junit-platform-commons-1.8.2.jar:/Applications/ReadyAPI-3.41.1.app/Contents/Resources/app/lib/ion-java-1.0.2.jar:/Applications/ReadyAPI-3.41.1.app/Contents/Resources/app/lib/proto-google-common-protos-2.0.1.jar:/Applications/ReadyAPI-3.41.1.app/Contents/Resources/app/lib/json-schema-validator-2.2.14.jar:/Applications/ReadyAPI-3.41.1.app/Contents/Resources/app/lib/hk2-locator-2.6.1.jar:/Applications/ReadyAPI-3.41.1.app/Contents/Resources/app/lib/jersey-container-servlet-core-2.29.1.jar:/Applications/ReadyAPI-3.41.1.app/Contents/Resources/app/lib/json-patch-1.13.jar:/Applications/ReadyAPI-3.41.1.app/Contents/Resources/app/lib/error_prone_annotations-2.3.2.jar:/Applications/ReadyAPI-3.41.1.app/Contents/Resources/app/lib/jfreechart-1.0.19.jar:/Applications/ReadyAPI-3.41.1.app/Contents/Resources/app/lib/netty-codec-socks-4.1.52.Final.jar:/Applications/ReadyAPI-3.41.1.app/Contents/Resources/app/lib/groovy-nio-3.0.10.jar:/Applications/ReadyAPI-3.41.1.app/Contents/Resources/app/lib/vt-crypt-2.1.4.jar:/Applications/ReadyAPI-3.41.1.app/Contents/Resources/app/lib/groovy-groovydoc-3.0.10.jar:/Applications/ReadyAPI-3.41.1.app/Contents/Resources/app/lib/loadui-component-3.41.1.jar:/Applications/ReadyAPI-3.41.1.app/Contents/Resources/app/lib/org.apache.oltu.oauth2.httpclient4-0.31.jar:/Applications/ReadyAPI-3.41.1.app/Contents/Resources/app/lib/log4j-core-2.17.1.jar:/Applications/ReadyAPI-3.41.1.app/Contents/Resources/app/lib/groovy-jsr223-3.0.10.jar:/Applications/ReadyAPI-3.41.1.app/Contents/Resources/app/lib/jline-2.14.6.jar:/Applications/ReadyAPI-3.41.1.app/Contents/Resources/app/lib/btf-1.3.jar:/Applications/ReadyAPI-3.41.1.app/Contents/Resources/app/lib/raml-parser-0.8.40.jar:/Applications/ReadyAPI-3.41.1.app/Contents/Resources/app/lib/swingx-0.9.1.jar:/Applications/ReadyAPI-3.41.1.app/Contents/Resources/app/lib/loadui-controller-base-3.41.1.jar:/Applications/ReadyAPI-3.41.1.app/Contents/Resources/app/lib/log4j-jcl-2.17.1.jar:/Applications/ReadyAPI-3.41.1.app/Contents/Resources/app/lib/junit-platform-engine-1.8.2.jar:/Applications/ReadyAPI-3.41.1.app/Contents/Resources/app/lib/batik-i18n-1.14.jar:/Applications/ReadyAPI-3.41.1.app/Contents/Resources/app/lib/jersey-server-2.29.1.jar:/Applications/ReadyAPI-3.41.1.app/Contents/Resources/app/lib/jxbrowser-7.21.2.jar:/Applications/ReadyAPI-3.41.1.app/Contents/Resources/app/lib/mongo-java-driver-3.12.10.jar:/Applications/ReadyAPI-3.41.1.app/Contents/Resources/app/lib/flex-messaging-core-1.0.jar:/Applications/ReadyAPI-3.41.1.app/Contents/Resources/app/lib/filters-2.0.235.jar:/Applications/ReadyAPI-3.41.1.app/Contents/Resources/app/lib/jakarta.ws.rs-api-2.1.6.jar:/Applications/ReadyAPI-3.41.1.app/Contents/Resources/app/lib/websocket-client-9.4.12.v20180830.jar:/Applications/ReadyAPI-3.41.1.app/Contents/Resources/app/lib/qdox-1.12.1.jar:/Applications/ReadyAPI-3.41.1.app/Contents/Resources/app/lib/javafx-media-17.0.2.jar:/Applications/ReadyAPI-3.41.1.app/Contents/Resources/app/lib/aopalliance-repackaged-2.6.1.jar:/Applications/ReadyAPI-3.41.1.app/Contents/Resources/app/lib/log4j-slf4j-impl-2.17.1.jar:/Applications/ReadyAPI-3.41.1.app/Contents/Resources/app/lib/jzlib-1.1.3.jar:/Applications/ReadyAPI-3.41.1.app/Contents/Resources/app/lib/failureaccess-1.0.1.jar:/Applications/ReadyAPI-3.41.1.app/Contents/Resources/app/lib/netty-resolver-4.1.52.Final.jar:/Applications/ReadyAPI-3.41.1.app/Contents/Resources/app/lib/okio-2.5.0.jar:/Applications/ReadyAPI-3.41.1.app/Contents/Resources/app/lib/joor-java-8-0.9.10.jar:/Applications/ReadyAPI-3.41.1.app/Contents/Resources/app/lib/mixpanel-java-1.4.4.jar:/Applications/ReadyAPI-3.41.1.app/Contents/Resources/app/lib/commons-validator-1.7.jar:/Applications/ReadyAPI-3.41.1.app/Contents/Resources/app/lib/kafka_2.11-2.4.1.jar:/Applications/ReadyAPI-3.41.1.app/Contents/Resources/app/lib/juniversalchardet-1.0.3.jar:/Applications/ReadyAPI-3.41.1.app/Contents/Resources/app/lib/commons-collections4-4.2.jar:/Applications/ReadyAPI-3.41.1.app/Contents/Resources/app/lib/annotations-13.0.jar:/Applications/ReadyAPI-3.41.1.app/Contents/Resources/app/lib/jackson-module-paranamer-2.10.0.jar:/Applications/ReadyAPI-3.41.1.app/Contents/Resources/app/lib/perfmark-api-0.23.0.jar:/Applications/ReadyAPI-3.41.1.app/Contents/Resources/app/lib/httpclient-4.5.2.jar:/Applications/ReadyAPI-3.41.1.app/Contents/Resources/app/lib/jhall-protection.jar:/Applications/ReadyAPI-3.41.1.app/Contents/Resources/app/lib/jackson-module-jsonSchema-2.10.0.jar:/Applications/ReadyAPI-3.41.1.app/Contents/Resources/app/lib/picocli-4.6.1.jar:/Applications/ReadyAPI-3.41.1.app/Contents/Resources/app/lib/jaxb-api-2.3.1.jar:/Applications/ReadyAPI-3.41.1.app/Contents/Resources/app/lib/junit-platform-launcher-1.8.2.jar:/Applications/ReadyAPI-3.41.1.app/Contents/Resources/app/lib/ready-api-service-v-core-3.41.1.jar:/Applications/ReadyAPI-3.41.1.app/Contents/Resources/app/lib/snakeyaml-1.26.jar:/Applications/ReadyAPI-3.41.1.app/Contents/Resources/app/lib/ready-api-starterpage-3.41.1.jar:/Applications/ReadyAPI-3.41.1.app/Contents/Resources/app/lib/rhino-1.7.10.jar:/Applications/ReadyAPI-3.41.1.app/Contents/Resources/app/lib/spring-jcl-5.3.18.jar:/Applications/ReadyAPI-3.41.1.app/Contents/Resources/app/lib/jackson-jaxrs-json-provider-2.10.1.jar:/Applications/ReadyAPI-3.41.1.app/Contents/Resources/app/lib/org.eclipse.jgit.ssh.jsch-6.2.0.202206071550-r.jar:/Applications/ReadyAPI-3.41.1.app/Contents/Resources/app/lib/jetty-server-9.4.40.v20210413.jar:/Applications/ReadyAPI-3.41.1.app/Contents/Resources/app/lib/jaxb-impl-2.3.1.jar:/Applications/ReadyAPI-3.41.1.app/Contents/Resources/app/lib/jetty-util-9.4.40.v20210413.jar:/Applications/ReadyAPI-3.41.1.app/Contents/Resources/app/lib/commons-io-secure-2.6.1.jar:/Applications/ReadyAPI-3.41.1.app/Contents/Resources/app/lib/org.apache.oltu.oauth2.client-0.31.jar:/Applications/ReadyAPI-3.41.1.app/Contents/Resources/app/lib/commons-cli-1.4.jar:/Applications/ReadyAPI-3.41.1.app/Contents/Resources/app/lib/common-ui-3.41.1.jar:/Applications/ReadyAPI-3.41.1.app/Contents/Resources/app/lib/log4j-jul-2.17.1.jar:/Applications/ReadyAPI-3.41.1.app/Contents/Resources/app/lib/jide-common-3.6.6.jar:/Applications/ReadyAPI-3.41.1.app/Contents/Resources/app/lib/paranamer-2.8.jar:/Applications/ReadyAPI-3.41.1.app/Contents/Resources/app/lib/jersey-common-2.30.1.jar:/Applications/ReadyAPI-3.41.1.app/Contents/Resources/app/lib/swagger-parser-core-2.0.24.jar:/Applications/ReadyAPI-3.41.1.app/Contents/Resources/app/lib/mxparser-1.2.1.jar:/Applications/ReadyAPI-3.41.1.app/Contents/Resources/app/lib/groovy-swing-3.0.10.jar:/Applications/ReadyAPI-3.41.1.app/Contents/Resources/app/lib/netty-handler-4.1.52.Final.jar:/Applications/ReadyAPI-3.41.1.app/Contents/Resources/app/lib/jackson-jaxrs-base-2.11.3.jar:/Applications/ReadyAPI-3.41.1.app/Contents/Resources/app/lib/jackson-core-2.11.3.jar:/Applications/ReadyAPI-3.41.1.app/Contents/Resources/app/lib/spring-beans-5.3.18.jar:/Applications/ReadyAPI-3.41.1.app/Contents/Resources/app/lib/scala-collection-compat_2.11-2.1.2.jar:/Applications/ReadyAPI-3.41.1.app/Contents/Resources/app/lib/xmlunit-1.2.jar:/Applications/ReadyAPI-3.41.1.app/Contents/Resources/app/lib/mimepull-1.9.11.jar:/Applications/ReadyAPI-3.41.1.app/Contents/Resources/app/lib/jtidy-r872-jdk15.jar:/Applications/ReadyAPI-3.41.1.app/Contents/Resources/app/lib/metrics-core-2.2.0.jar:/Applications/ReadyAPI-3.41.1.app/Contents/Resources/app/lib/netty-codec-http-4.1.52.Final.jar:/Applications/ReadyAPI-3.41.1.app/Contents/Resources/app/lib/jersey-client-2.30.1.jar:/Applications/ReadyAPI-3.41.1.app/Contents/Resources/app/lib/autocomplete-2.6.0.jar:/Applications/ReadyAPI-3.41.1.app/Contents/Resources/app/lib/batik-parser-1.14.jar:/Applications/ReadyAPI-3.41.1.app/Contents/Resources/app/lib/javax.jms-api-2.0.1.jar:/Applications/ReadyAPI-3.41.1.app/Contents/Resources/app/lib/org.apache.oltu.commons.json-1.0.0.jar:/Applications/ReadyAPI-3.41.1.app/Contents/Resources/app/lib/batik-util-1.14.jar:/Applications/ReadyAPI-3.41.1.app/Contents/Resources/app/lib/xmlgraphics-commons-2.6.jar:/Applications/ReadyAPI-3.41.1.app/Contents/Resources/app/lib/jetty-servlet-9.4.40.v20210413.jar:/Applications/ReadyAPI-3.41.1.app/Contents/Resources/app/lib/allure-model-2.13.3.jar:/Applications/ReadyAPI-3.41.1.app/Contents/Resources/app/lib/ready-api-soapui-ng-3.41.1.jar:/Applications/ReadyAPI-3.41.1.app/Contents/Resources/app/lib/jna-4.5.2.jar:/Applications/ReadyAPI-3.41.1.app/Contents/Resources/app/lib/swagger-models-2.1.7.jar:/Applications/ReadyAPI-3.41.1.app/Contents/Resources/app/lib/jackson-module-jaxb-annotations-2.11.3.jar:/Applications/ReadyAPI-3.41.1.app/Contents/Resources/app/lib/jackson-datatype-jsr310-2.11.3.jar:/Applications/ReadyAPI-3.41.1.app/Contents/Resources/app/lib/javax.xml.soap-api-1.4.0.jar:/Applications/ReadyAPI-3.41.1.app/Contents/Resources/app/lib/har-java-1.0.0.jar:/Applications/ReadyAPI-3.41.1.app/Contents/Resources/app/lib/jug-protection.jar:/Applications/ReadyAPI-3.41.1.app/Contents/Resources/app/lib/jakarta.activation-api-1.2.1.jar:/Applications/ReadyAPI-3.41.1.app/Contents/Resources/app/lib/kafka-protobuf-serializer-6.1.0.jar:/Applications/ReadyAPI-3.41.1.app/Contents/Resources/app/lib/kafka-schema-serializer-6.1.0.jar:/Applications/ReadyAPI-3.41.1.app/Contents/Resources/app/lib/jackson-core-asl-1.9.13.jar:/Applications/ReadyAPI-3.41.1.app/Contents/Resources/app/lib/zookeeper-jute-3.5.7.jar:/Applications/ReadyAPI-3.41.1.app/Contents/Resources/app/lib/groovy-cli-picocli-3.0.10.jar:/Applications/ReadyAPI-3.41.1.app/Contents/Resources/app/lib/java-jwt-3.8.1.jar:/Applications/ReadyAPI-3.41.1.app/Contents/Resources/app/lib/listenablefuture-9999.0-empty-to-avoid-conflict-with-guava.jar:/Applications/ReadyAPI-3.41.1.app/Contents/Resources/app/lib/analytics-core-2.6.6.jar:/Applications/ReadyAPI-3.41.1.app/Contents/Resources/app/lib/groovy-groovysh-3.0.10.jar:/Applications/ReadyAPI-3.41.1.app/Contents/Resources/app/lib/commons-codec-1.6.jar:/Applications/ReadyAPI-3.41.1.app/Contents/Resources/app/lib/protobuf-java-util-3.15.8.jar:/Applications/ReadyAPI-3.41.1.app/Contents/Resources/app/lib/lz4-java-1.7.1.jar:/Applications/ReadyAPI-3.41.1.app/Contents/Resources/app/lib/swagger-annotations-1.6.2.jar:/Applications/ReadyAPI-3.41.1.app/Contents/Resources/app/lib/avro-1.9.2.jar:/Applications/ReadyAPI-3.41.1.app/Contents/Resources/app/lib/swagger-compat-spec-parser-1.0.53.jar:/Applications/ReadyAPI-3.41.1.app/Contents/Resources/app/lib/proxy-vole-1.0.4.jar:/Applications/ReadyAPI-3.41.1.app/Contents/Resources/app/lib/pcap4j-packetfactory-static-1.7.2.jar:/Applications/ReadyAPI-3.41.1.app/Contents/Resources/app/lib/ready-api-service-v-3.41.1.jar:/Applications/ReadyAPI-3.41.1.app/Contents/Resources/app/lib/wsdl4j-1.6.2-fixed.jar:/Applications/ReadyAPI-3.41.1.app/Contents/Resources/app/lib/swagger-models-1.6.2.jar:/Applications/ReadyAPI-3.41.1.app/Contents/Resources/app/lib/osgi-resource-locator-1.0.3.jar:/Applications/ReadyAPI-3.41.1.app/Contents/Resources/app/lib/jxbrowser-mac-7.21.2.jar:/Applications/ReadyAPI-3.41.1.app/Contents/Resources/app/lib/jersey-media-jaxb-2.29.1.jar:/Applications/ReadyAPI-3.41.1.app/Contents/Resources/app/lib/core-api-3.6.0.jar:/Applications/ReadyAPI-3.41.1.app/Contents/Resources/app/lib/grpc-core-1.41.0.jar:/Applications/ReadyAPI-3.41.1.app/Contents/Resources/app/lib/xalan-2.7.2.jar:/Applications/ReadyAPI-3.41.1.app/Contents/Resources/app/lib/core-httpclient-impl-3.6.0.jar:/Applications/ReadyAPI-3.41.1.app/Contents/Resources/app/lib/groovy-jmx-3.0.10.jar:/Applications/ReadyAPI-3.41.1.app/Contents/Resources/app/lib/commons-net-2.0.jar:/Applications/ReadyAPI-3.41.1.app/Contents/Resources/app/lib/bctsp-jdk15on-1.46.jar:/Applications/ReadyAPI-3.41.1.app/Contents/Resources/app/lib/batik-constants-1.14.jar:/Applications/ReadyAPI-3.41.1.app/Contents/Resources/app/lib/aws-java-sdk-ec2-1.11.136.jar:/Applications/ReadyAPI-3.41.1.app/Contents/Resources/app/lib/openws-1.4.2-1.jar:/Applications/ReadyAPI-3.41.1.app/Contents/Resources/app/lib/commons-math3-3.6.1.jar:/Applications/ReadyAPI-3.41.1.app/Contents/Resources/app/lib/jakarta.inject-2.6.1.jar:/Applications/ReadyAPI-3.41.1.app/Contents/Resources/app/lib/groovy-3.0.10.jar:/Applications/ReadyAPI-3.41.1.app/Contents/Resources/app/lib/checker-qual-2.8.1.jar:/Applications/ReadyAPI-3.41.1.app/Contents/Resources/app/lib/audience-annotations-0.5.0.jar:/Applications/ReadyAPI-3.41.1.app/Contents/Resources/app/lib/reactive-streams-1.0.2.jar:/Applications/ReadyAPI-3.41.1.app/Contents/Resources/app/lib/ready-api-security-3.41.1.jar:/Applications/ReadyAPI-3.41.1.app/Contents/Resources/app/lib/annotations-2.0.0.jar:/Applications/ReadyAPI-3.41.1.app/Contents/Resources/app/lib/groovy-xml-3.0.10.jar:/Applications/ReadyAPI-3.41.1.app/Contents/Resources/app/lib/hk2-utils-2.6.1.jar:/Applications/ReadyAPI-3.41.1.app/Contents/Resources/app/lib/javafx-swing-17.0.2.jar:/Applications/ReadyAPI-3.41.1.app/Contents/Resources/app/lib/json-schema-core-1.2.14.jar:/Applications/ReadyAPI-3.41.1.app/Contents/Resources/app/lib/swagger-inflector-new-2.0.5.jar:/Applications/ReadyAPI-3.41.1.app/Contents/Resources/app/lib/classgraph-4.6.32.jar:/Applications/ReadyAPI-3.41.1.app/Contents/Resources/app/lib/not-going-to-be-commons-ssl-0.3.20.jar:/Applications/ReadyAPI-3.41.1.app/Contents/Resources/app/lib/grpc-protobuf-lite-1.41.0.jar:/Applications/ReadyAPI-3.41.1.app/Contents/Resources/app/lib/jackson-dataformat-cbor-2.6.6.jar:/Applications/ReadyAPI-3.41.1.app/Contents/Resources/app/lib/java-dataloader-2.1.1.jar:/Applications/ReadyAPI-3.41.1.app/Contents/Resources/app/lib/jcalendar-1.3.2.jar:/Applications/ReadyAPI-3.41.1.app/Contents/Resources/app/lib/batik-script-1.14.jar:/Applications/ReadyAPI-3.41.1.app/Contents/Resources/app/lib/grpc-protobuf-1.41.0.jar:/Applications/ReadyAPI-3.41.1.app/Contents/Resources/app/lib/netty-transport-4.1.52.Final.jar:/Applications/ReadyAPI-3.41.1.app/Contents/Resources/app/lib/kafka-avro-serializer-6.1.0.jar:/Applications/ReadyAPI-3.41.1.app/Contents/Resources/app/lib/rsyntaxtextarea-2.6.1.jar:/Applications/ReadyAPI-3.41.1.app/Contents/Resources/app/lib/allure-java-commons-2.13.3.jar:/Applications/ReadyAPI-3.41.1.app/Contents/Resources/app/lib/jackson-dataformat-xml-2.11.3.jar:/Applications/ReadyAPI-3.41.1.app/Contents/Resources/app/lib/json-path-2.4.0-fixed.jar:/Applications/ReadyAPI-3.41.1.app/Contents/Resources/app/lib/swagger-annotations-2.1.0.jar:/Applications/ReadyAPI-3.41.1.app/Contents/Resources/app/lib/ready-api-integrations-3.41.1.jar:/Applications/ReadyAPI-3.41.1.app/Contents/Resources/app/lib/jackson-datatype-jdk8-2.10.0.jar:/Applications/ReadyAPI-3.41.1.app/Contents/Resources/app/lib/commons-collections-3.2.2.jar:/Applications/ReadyAPI-3.41.1.app/Contents/Resources/app/lib/VeracodeAnnotations-1.0.4.jar:/Applications/ReadyAPI-3.41.1.app/Contents/Resources/app/lib/readyapi-js-libraries-packaged-3.30.0.jar:/Applications/ReadyAPI-3.41.1.app/Contents/Resources/app/lib/swagger4j-1.0.0.jar:/Applications/ReadyAPI-3.41.1.app/Contents/Resources/app/lib/accessors-smart-2.4.6.jar:/Applications/ReadyAPI-3.41.1.app/Contents/Resources/app/lib/hk2-api-2.6.1.jar:/Applications/ReadyAPI-3.41.1.app/Contents/Resources/app/lib/hamcrest-core-1.3.jar:/Applications/ReadyAPI-3.41.1.app/Contents/Resources/app/lib/dom4j-1.6.1.jar:/Applications/ReadyAPI-3.41.1.app/Contents/Resources/app/lib/slf4j-ext-1.7.30.jar:/Applications/ReadyAPI-3.41.1.app/Contents/Resources/app/lib/miglayout-core-5.2.jar:/Applications/ReadyAPI-3.41.1.app/Contents/Resources/app/lib/loadui-store-h2-3.41.1.jar:/Applications/ReadyAPI-3.41.1.app/Contents/Resources/app/lib/commons-compress-1.19.jar:/Applications/ReadyAPI-3.41.1.app/Contents/Resources/app/lib/ready-api-jdbc-virts-3.41.1.jar:/Applications/ReadyAPI-3.41.1.app/Contents/Resources/app/lib/jna-platform-4.5.2.jar:/Applications/ReadyAPI-3.41.1.app/Contents/Resources/app/lib/batik-svggen-1.14.jar:/Applications/ReadyAPI-3.41.1.app/Contents/Resources/app/lib/swagger-core-1.6.2.jar:/Applications/ReadyAPI-3.41.1.app/Contents/Resources/app/lib/ready-api-core-3.41.1.jar:/Applications/ReadyAPI-3.41.1.app/Contents/Resources/app/lib/netty-common-4.1.52.Final.jar:/Applications/ReadyAPI-3.41.1.app/Contents/Resources/app/lib/gson-2.3.1.jar:/Applications/ReadyAPI-3.41.1.app/Contents/Resources/app/lib/SparseBitSet-1.2.jar:/Applications/ReadyAPI-3.41.1.app/Contents/Resources/app/lib/netty-transport-native-unix-common-4.1.45.Final.jar:/Applications/ReadyAPI-3.41.1.app/Contents/Resources/app/lib/batik-ext-1.14.jar:/Applications/ReadyAPI-3.41.1.app/Contents/Resources/app/lib/org.apache.oltu.oauth2.authzserver-1.0.0.jar:/Applications/ReadyAPI-3.41.1.app/Contents/Resources/app/lib/org.eclipse.jgit-6.2.0.202206071550-r.jar:/Applications/ReadyAPI-3.41.1.app/Contents/Resources/app/lib/uri-template-0.10.jar:/Applications/ReadyAPI-3.41.1.app/Contents/Resources/app/lib/aws-java-sdk-core-1.11.136.jar:/Applications/ReadyAPI-3.41.1.app/Contents/Resources/app/lib/scala-logging_2.11-3.9.2.jar:/Applications/ReadyAPI-3.41.1.app/Contents/Resources/app/lib/javaluator-3.0.0.jar:/Applications/ReadyAPI-3.41.1.app/Contents/Resources/app/lib/groovy-sql-3.0.10.jar:/Applications/ReadyAPI-3.41.1.app/Contents/Resources/app/lib/org.apache.oltu.oauth2.common-0.31.jar:/Applications/ReadyAPI-3.41.1.app/Contents/Resources/app/lib/JavaEWAH-1.1.13.jar:/Applications/ReadyAPI-3.41.1.app/Contents/Resources/app/lib/castor-xml-1.4.1.jar:/Applications/ReadyAPI-3.41.1.app/Contents/Resources/app/lib/jettison-1.2.jar:/Applications/ReadyAPI-3.41.1.app/Contents/Resources/app/lib/jackson-databind-2.11.3.jar:/Applications/ReadyAPI-3.41.1.app/Contents/Resources/app/lib/json-20090211.jar:/Applications/ReadyAPI-3.41.1.app/Contents/Resources/app/lib/netty-transport-native-epoll-4.1.45.Final.jar:/Applications/ReadyAPI-3.41.1.app/Contents/Resources/app/lib/jakarta.annotation-api-1.3.5.jar:/Applications/ReadyAPI-3.41.1.app/Contents/Resources/app/lib/j2objc-annotations-1.3.jar:/Applications/ReadyAPI-3.41.1.app/Contents/Resources/app/lib/swagger-core-2.1.5.jar:/Applications/ReadyAPI-3.41.1.app/Contents/Resources/app/lib/httpasyncclient-4.1.jar:/Applications/ReadyAPI-3.41.1.app/Contents/Resources/app/lib/jackson-annotations-2.11.3.jar:/Applications/ReadyAPI-3.41.1.app/Contents/Resources/app/lib/groovy-testng-3.0.10.jar:/Applications/ReadyAPI-3.41.1.app/Contents/Resources/app/lib/kotlin-stdlib-jdk7-1.3.71.jar:/Applications/ReadyAPI-3.41.1.app/Contents/Resources/app/lib/spring-jdbc-5.3.18.jar:/Applications/ReadyAPI-3.41.1.app/Contents/Resources/app/lib/spring-tx-5.3.18.jar:/Applications/ReadyAPI-3.41.1.app/Contents/Resources/app/lib/org.apache.oltu.commons.encodedtoken-1.0.0.jar:/Applications/ReadyAPI-3.41.1.app/Contents/Resources/app/lib/deltahex-operation-0.1.2.jar:/Applications/ReadyAPI-3.41.1.app/Contents/Resources/app/lib/jackson-dataformat-yaml-2.11.3.jar:/Applications/ReadyAPI-3.41.1.app/Contents/Resources/app/lib/jetty-http-9.4.40.v20210413.jar:/Applications/ReadyAPI-3.41.1.app/Contents/Resources/app/lib/commons-beanutils-1.9.4.jar:/Applications/ReadyAPI-3.41.1.app/Contents/Resources/app/lib/batik-anim-1.14.jar:/Applications/ReadyAPI-3.41.1.app/Contents/Resources/app/lib/batik-transcoder-1.14.jar:/Applications/ReadyAPI-3.41.1.app/Contents/Resources/app/lib/batik-dom-1.14.jar:/Applications/ReadyAPI-3.41.1.app/Contents/Resources/app/lib/jasperreports-fonts-liberation-2.1.2.jar:/Applications/ReadyAPI-3.41.1.app/Contents/Resources/app/lib/commons-text-1.4.jar:/Applications/ReadyAPI-3.41.1.app/Contents/Resources/app/lib/org.apache.oltu.oauth2.jwt-1.0.1.jar:/Applications/ReadyAPI-3.41.1.app/Contents/Resources/app/lib/guava-28.0-jre.jar:/Applications/ReadyAPI-3.41.1.app/Contents/Resources/app/lib/liquibase-core-4.8.0.jar:/Applications/ReadyAPI-3.41.1.app/Contents/Resources/app/lib/bcpkix-jdk15on-1.64.jar:/Applications/ReadyAPI-3.41.1.app/Contents/Resources/app/lib/ready-api-db-3.41.1.jar:/Applications/ReadyAPI-3.41.1.app/Contents/Resources/app/lib/ready-api-license-3.41.1.jar:/Applications/ReadyAPI-3.41.1.app/Contents/Resources/app/lib/httpcore-nio-4.4.1.jar:/Applications/ReadyAPI-3.41.1.app/Contents/Resources/app/lib/swagger-jersey2-jaxrs-1.6.1.jar:/Applications/ReadyAPI-3.41.1.app/Contents/Resources/app/lib/jsr305-2.0.0.jar:/Applications/ReadyAPI-3.41.1.app/Contents/Resources/app/lib/jsch-0.1.55.jar:/Applications/ReadyAPI-3.41.1.app/Contents/Resources/app/lib/mina-core-2.0.9.jar:/Applications/ReadyAPI-3.41.1.app/Contents/Resources/app/lib/vt-password-3.1.2.jar:/Applications/ReadyAPI-3.41.1.app/Contents/Resources/app/lib/jaxrpc-protection-jdk12.jar:/Applications/ReadyAPI-3.41.1.app/Contents/Resources/app/lib/json-smart-2.4.6.jar:/Applications/ReadyAPI-3.41.1.app/Contents/Resources/app/lib/deltahex-core-0.1.2.jar:/Applications/ReadyAPI-3.41.1.app/Contents/Resources/app/lib/org.apache.oltu.jose.jws-1.0.1.jar:/Applications/ReadyAPI-3.41.1.app/Contents/Resources/app/lib/jersey-media-multipart-2.29.1.jar:/Applications/ReadyAPI-3.41.1.app/Contents/Resources/app/lib/jxl-2.6.12.jar:/Applications/ReadyAPI-3.41.1.app/Contents/Resources/app/lib/jackson-jaxrs-xml-provider-2.11.3.jar:/Applications/ReadyAPI-3.41.1.app/Contents/Resources/app/lib/saxon-9.1.0.8j.jar:/Applications/ReadyAPI-3.41.1.app/Contents/Resources/app/lib/xmlpull-1.1.3.1.jar:/Applications/ReadyAPI-3.41.1.app/Contents/Resources/app/lib/stax2-api-4.2.jar:/Applications/ReadyAPI-3.41.1.app/Contents/Resources/app/lib/swagger-jaxrs-1.6.1.jar:/Applications/ReadyAPI-3.41.1.app/Contents/Resources/app/lib/poi-4.1.2.jar:/Applications/ReadyAPI-3.41.1.app/Contents/Resources/app/lib/netty-codec-4.1.52.Final.jar:/Applications/ReadyAPI-3.41.1.app/Contents/Resources/app/lib/org.eclipse.xtend.lib.macro-2.8.3.jar:/Applications/ReadyAPI-3.41.1.app/Contents/Resources/app/lib/commons-lang-2.6.jar:/Applications/ReadyAPI-3.41.1.app/Contents/Resources/app/lib/groovy-test-3.0.10.jar:/Applications/ReadyAPI-3.41.1.app/Contents/Resources/app/lib/commons-digester-2.1.jar:/Applications/ReadyAPI-3.41.1.app/Contents/Resources/app/lib/h2-1.4.200.jar:/Applications/ReadyAPI-3.41.1.app/Contents/Resources/app/lib/jackson-datatype-joda-2.10.1.jar:/Applications/ReadyAPI-3.41.1.app/Contents/Resources/app/lib/jackson-jaxrs-yaml-provider-2.10.1.jar:/Applications/ReadyAPI-3.41.1.app/Contents/Resources/app/lib/opencensus-contrib-http-util-0.30.0.jar:/Applications/ReadyAPI-3.41.1.app/Contents/Resources/app/lib/controlsfx-8.40.12.jar:/Applications/ReadyAPI-3.41.1.app/Contents/Resources/app/lib/jaxb-core-2.3.0.1.jar:/Applications/ReadyAPI-3.41.1.app/Contents/Resources/app/lib/graphql-java-13.0.jar:/Applications/ReadyAPI-3.41.1.app/Contents/Resources/app/lib/jcommon-1.0.23.jar:/Applications/ReadyAPI-3.41.1.app/Contents/Resources/app/lib/jersey-entity-filtering-2.30.1.jar:/Applications/ReadyAPI-3.41.1.app/Contents/Resources/app/lib/kotlin-stdlib-common-1.3.71.jar:/Applications/ReadyAPI-3.41.1.app/Contents/Resources/app/lib/swagger-integration-2.1.0.jar:/Applications/ReadyAPI-3.41.1.app/Contents/Resources/app/lib/httpmime-4.5.6.jar:/Applications/ReadyAPI-3.41.1.app/Contents/Resources/app/lib/javax.json-api-1.0-b06.jar:/Applications/ReadyAPI-3.41.1.app/Contents/Resources/app/lib/loadui-reporting-3.41.1.jar:/Applications/ReadyAPI-3.41.1.app/Contents/Resources/app/lib/animal-sniffer-annotations-1.17.jar:/Applications/ReadyAPI-3.41.1.app/Contents/Resources/app/lib/jide-charts-3.6.6.jar:/Applications/ReadyAPI-3.41.1.app/Contents/Resources/app/lib/junit-jupiter-api-5.8.2.jar:/Applications/ReadyAPI-3.41.1.app/Contents/Resources/app/lib/groovy-astbuilder-3.0.10.jar:/Applications/ReadyAPI-3.41.1.app/Contents/Resources/app/lib/swagger-parser-1.0.54.jar:/Applications/ReadyAPI-3.41.1.app/Contents/Resources/app/lib/kotlin-stdlib-jdk8-1.3.71.jar:/Applications/ReadyAPI-3.41.1.app/Contents/Resources/app/lib/netty-codec-http2-4.1.52.Final.jar:/Applications/ReadyAPI-3.41.1.app/Contents/Resources/app/lib/commons-lang3-3.7.jar:/Applications/ReadyAPI-3.41.1.app/Contents/Resources/app/lib/jsoup-1.6.1.jar:/Applications/ReadyAPI-3.41.1.app/Contents/Resources/app/lib/ready-api-runners-3.41.1.jar:/Applications/ReadyAPI-3.41.1.app/Contents/Resources/app/lib/protobuf-java-3.15.8.jar:/Applications/ReadyAPI-3.41.1.app/Contents/Resources/app/lib/mbassador-1.1.10.jar:/Applications/ReadyAPI-3.41.1.app/Contents/Resources/app/lib/activeQueryBuilder-activeQueryBuilder.jar:/Applications/ReadyAPI-3.41.1.app/Contents/Resources/app/lib/castor-core-1.4.1.jar:/Applications/ReadyAPI-3.41.1.app/Contents/Resources/app/lib/ready-api-soapui-pro-3.41.1.jar:/Applications/ReadyAPI-3.41.1.app/Contents/Resources/app/lib/kafka-clients-2.6.0.jar:/Applications/ReadyAPI-3.41.1.app/Contents/Resources/app/lib/vt-dictionary-3.0.jar:/Applications/ReadyAPI-3.41.1.app/Contents/Resources/app/lib/groovy-templates-3.0.10.jar:/Applications/ReadyAPI-3.41.1.app/Contents/Resources/app/lib/scala-reflect-2.11.12.jar:/Applications/ReadyAPI-3.41.1.app/Contents/Resources/app/lib/jasperreports-6.13.0-sb-fixed.jar:/Applications/ReadyAPI-3.41.1.app/Contents/Resources/app/lib/opentest4j-1.2.0.jar:/Applications/ReadyAPI-3.41.1.app/Contents/Resources/app/lib/loadui-base-3.41.1.jar:/Applications/ReadyAPI-3.41.1.app/Contents/Resources/app/lib/snmp4j-1.10.1.jar:/Applications/ReadyAPI-3.41.1.app/Contents/Resources/app/lib/swagger-jaxrs2-2.1.0.jar:/Applications/ReadyAPI-3.41.1.app/Contents/Resources/app/lib/httpcore-4.4.3.jar:/Applications/ReadyAPI-3.41.1.app/Contents/Resources/app/lib/jackson-mapper-asl-1.9.13.jar:/Applications/ReadyAPI-3.41.1.app/Contents/Resources/app/lib/bcprov-jdk15on-1.64.jar:/Applications/ReadyAPI-3.41.1.app/Contents/Resources/app/lib/json-schema-validator-0.1.7.jar:/Applications/ReadyAPI-3.41.1.app/Contents/Resources/app/lib/jetty-xml-9.4.12.v20180830.jar:/Applications/ReadyAPI-3.41.1.app/Contents/Resources/app/lib/xml-apis-ext-1.3.04.jar:/Applications/ReadyAPI-3.41.1.app/Contents/Resources/app/lib/jwks-rsa-0.8.2.jar:/Applications/ReadyAPI-3.41.1.app/Contents/Resources/app/lib/ProtectionPriv-5.4.2.jar:/Applications/ReadyAPI-3.41.1.app/Contents/Resources/app/lib/curvesapi-1.06.jar:/Applications/ReadyAPI-3.41.1.app/Contents/Resources/app/lib/jetty-client-9.4.12.v20180830.jar:/Applications/ReadyAPI-3.41.1.app/Contents/Resources/app/lib/saxon-dom-9.1.0.8j.jar:/Applications/ReadyAPI-3.41.1.app/Contents/Resources/app/lib/loadui-test-utils-3.41.1.jar:/Applications/ReadyAPI-3.41.1.app/Contents/Resources/app/lib/jetty-security-9.4.40.v20210413.jar:/Applications/ReadyAPI-3.41.1.app/Contents/Resources/app/lib/scala-java8-compat_2.11-0.9.0.jar:/Applications/ReadyAPI-3.41.1.app/Contents/Resources/app/lib/groovy-dateutil-3.0.10.jar:/Applications/ReadyAPI-3.41.1.app/Contents/Resources/app/lib/javafx-swing-17.0.2-mac.jar:/Applications/ReadyAPI-3.41.1.app/Contents/Resources/app/lib/common-utils-6.1.0.jar:/Applications/ReadyAPI-3.41.1.app/Contents/Resources/app/lib/spring-expression-5.3.18.jar:/Applications/ReadyAPI-3.41.1.app/Contents/Resources/app/lib/zookeeper-3.5.7.jar:/Applications/ReadyAPI-3.41.1.app/Contents/Resources/app/lib/joda-time-2.10.5.jar:/Applications/ReadyAPI-3.41.1.app/Contents/Resources/app/lib/loadui-utils-3.41.1.jar:/Applications/ReadyAPI-3.41.1.app/Contents/Resources/app/lib/javax.inject-1.jar:/Applications/ReadyAPI-3.41.1.app/Contents/Resources/app/lib/tika-core-1.24.1.jar:/Applications/ReadyAPI-3.41.1.app/Contents/Resources/app/lib/swagger-inflector-1.0.19.jar:/Applications/ReadyAPI-3.41.1.app/Contents/Resources/app/lib/jakarta.validation-api-2.0.2.jar:/Applications/ReadyAPI-3.41.1.app/Contents/Resources/app/lib/groovy-macro-3.0.10.jar:/Applications/ReadyAPI-3.41.1.app/Contents/Resources/app/lib/netty-handler-proxy-4.1.52.Final.jar:/Applications/ReadyAPI-3.41.1.app/Contents/Resources/app/lib/testng-7.5.jar:/Applications/ReadyAPI-3.41.1.app/Contents/Resources/app/lib/idw-1.6.1.jar:/Applications/ReadyAPI-3.41.1.app/Contents/Resources/app/lib/exbin-binary_data-0.1.2.jar:/Applications/ReadyAPI-3.41.1.app/Contents/Resources/app/lib/jdom-1.1.3.jar:/Applications/ReadyAPI-3.41.1.app/Contents/Resources/app/lib/ws-commons-util-1.0.2.jar:/Applications/ReadyAPI-3.41.1.app/Contents/Resources/app/lib/javassist-3.19.0-GA.jar:/Applications/ReadyAPI-3.41.1.app/Contents/Resources/app/lib/batik-bridge-1.14.jar:/Applications/ReadyAPI-3.41.1.app/Contents/Resources/app/lib/miglayout-swing-5.2.jar:/Applications/ReadyAPI-3.41.1.app/Contents/Resources/app/lib/ready-api-projects-3.41.1.jar:/Applications/ReadyAPI-3.41.1.app/Contents/Resources/app/lib/groovy-datetime-3.0.10.jar:/Applications/ReadyAPI-3.41.1.app/Contents/Resources/app/lib/snmp4j-agent-1.3.1.jar:/Applications/ReadyAPI-3.41.1.app/Contents/Resources/app/lib/xlsx-streamer-0.2.10-fixed.jar:/Applications/ReadyAPI-3.41.1.app/Contents/Resources/app/lib/loadui-ui-3.41.1.jar:/Applications/ReadyAPI-3.41.1.app/Contents/Resources/app/lib/javax.json-1.0-b06.jar:/Applications/ReadyAPI-3.41.1.app/Contents/Resources/app/lib/javafx-graphics-17.0.2-mac.jar:/Applications/ReadyAPI-3.41.1.app/Contents/Resources/app/lib/loadui-pro-socket-client-3.41.1.jar"/><property name="sun.awt.enableExtraMouseButtons" value="true"/><property name="java.vm.vendor" value="Eclipse Adoptium"/><property name="sun.arch.data.model" value="64"/><property name="sun.font.fontmanager" value="sun.font.CFontManager"/><property name="java.vendor.url" value="https://adoptium.net/"/><property name="log4j2.formatMsgNoLookups" value="true"/><property name="user.timezone" value="Europe/London"/><property name="java.vm.specification.version" value="17"/><property name="os.name" value="Mac OS X"/><property name="sun.java.launcher" value="SUN_STANDARD"/><property name="user.country" value="GB"/><property name="sun.boot.library.path" value="/Applications/ReadyAPI-3.41.1.app/Contents/PlugIns/jre.bundle/Contents/Home/lib"/><property name="sun.java.command" value="com.smartbear.ready.cmd.runner.pro.SoapUIProTestCaseRunner -elocalhost:9092 -sTest Suite 1 -cKafkaTest -r -a -j -RJUnit-Style HTML Report -FXML -EDefault environment /Users/saf/dev/smartbear/fintech/ReadyAPI_Tests/kafka_ready_project.xml"/><property name="http.nonProxyHosts" value="local|*.local|169.254/16|*.169.254/16"/><property name="jdk.debug" value="release"/><property name="sun.cpu.endian" value="little"/><property name="user.home" value="/Users/saf"/><property name="user.language" value="en"/><property name="sun.stderr.encoding" value="UTF-8"/><property name="java.specification.vendor" value="Oracle Corporation"/><property name="org.eclipse.jetty.util.log.class" value="com.eviware.soapui.support.log.JettyLogger"/><property name="soapui.home" value="/Applications/ReadyAPI-3.41.1.app/Contents/Resources/app/bin"/><property name="java.version.date" value="2022-08-12"/><property name="java.home" value="/Applications/ReadyAPI-3.41.1.app/Contents/PlugIns/jre.bundle/Contents/Home"/><property name="file.separator" value="/"/><property name="java.vm.compressedOopsMode" value="Zero based"/><property name="line.separator" value="
"/><property name="sun.stdout.encoding" value="UTF-8"/><property name="java.vm.specification.vendor" value="Oracle Corporation"/><property name="java.specification.name" value="Java Platform API Specification"/><property name="soapui.ext.listeners" value="/Applications/ReadyAPI-3.41.1.app/Contents/Resources/app/bin/listeners"/><property name="groovy.source.encoding" value="iso-8859-1"/><property name="sun.management.compiler" value="HotSpot 64-Bit Tiered Compilers"/><property name="ftp.nonProxyHosts" value="local|*.local|169.254/16|*.169.254/16"/><property name="java.runtime.version" value="17.0.4.1+1"/><property name="user.name" value="saf"/><property name="path.separator" value=":"/><property name="os.version" value="13.2.1"/><property name="java.runtime.name" value="OpenJDK Runtime Environment"/><property name="file.encoding" value="UTF-8"/><property name="jnidispatch.path" value="/var/folders/6p/t2w45yn96l34t9qh3w2vnck80000gn/T/jna-113624/jna14754517593836646203.tmp"/><property name="soapui.ext.libraries" value="/Applications/ReadyAPI-3.41.1.app/Contents/Resources/app/bin/ext"/><property name="java.vm.name" value="OpenJDK 64-Bit Server VM"/><property name="jna.platform.library.path" value="/usr/lib:/usr/lib"/><property name="java.vendor.version" value="Temurin-17.0.4.1+1"/><property name="jna.loaded" value="true"/><property name="java.vendor.url.bug" value="https://github.com/adoptium/adoptium-support/issues"/><property name="java.io.tmpdir" value="/var/folders/6p/t2w45yn96l34t9qh3w2vnck80000gn/T/"/><property name="java.version" value="17.0.4.1"/><property name="user.dir" value="/Users/saf/dev/smartbear/fintech"/><property name="os.arch" value="x86_64"/><property name="test.history.disabled" value="true"/><property name="java.vm.specification.name" value="Java Virtual Machine Specification"/><property name="native.encoding" value="UTF-8"/><property name="java.util.logging.manager" value="org.apache.logging.log4j.jul.LogManager"/><property name="java.library.path" value="/Users/saf/Library/Java/Extensions:/Library/Java/Extensions:/Network/Library/Java/Extensions:/System/Library/Java/Extensions:/usr/lib/java:."/><property name="java.vm.info" value="mixed mode"/><property name="java.vendor" value="Eclipse Adoptium"/><property name="java.vm.version" value="17.0.4.1+1"/><property name="sun.io.unicode.encoding" value="UnicodeBig"/><property name="soapui.ext.actions" value="/Applications/ReadyAPI-3.41.1.app/Contents/Resources/app/bin/actions"/><property name="socksNonProxyHosts" value="local|*.local|169.254/16|*.169.254/16"/><property name="java.class.version" value="61.0"/><property name="soapui.properties" value="soapui.properties"/></properties><testcase name="KafkaTest" time="0.579"><failure type="The test run was cancelled due to a failed test step." message="The test run was cancelled due to a failed test step."><![CDATA[<h3><b>Publish Failed</b></h3><pre>No resolvable bootstrap urls given in bootstrap.servers
Status: FAIL
Time Taken: 0
Size: 0
Timestamp: Thu Mar 09 21:15:53 GMT 2023
TestStep: Publish

----------------- Messages ------------------------------
No resolvable bootstrap urls given in bootstrap.servers
</pre><hr/>]]></failure></testcase></testsuite>